D:\COURSE\GS\2014FINAL\2014FINAL\2014FINAL\DEBUG\2014FINAL.EXE.EMBED.MANIFEST
D:\COURSE\GS\2014FINAL\2014FINAL\2014FINAL\DEBUG\2014FINAL.EXE.EMBED.MANIFEST.RES
D:\COURSE\GS\2014FINAL\2014FINAL\2014FINAL\DEBUG\2014FINAL.EXE.INTERMEDIATE.MANIFEST
D:\COURSE\GS\2014FINAL\2014FINAL\2014FINAL\DEBUG\2014FINAL.OBJ
D:\COURSE\GS\2014FINAL\2014FINAL\2014FINAL\DEBUG\2014FINAL.PCH
D:\COURSE\GS\2014FINAL\2014FINAL\2014FINAL\DEBUG\2014FINAL.RES
D:\Course\gs\2014Final\2014Final\2014Final\Debug\2014Final.write.1.tlog
D:\Course\gs\2014Final\2014Final\2014Final\Debug\2014Final_manifest.rc
D:\Course\gs\2014Final\2014Final\2014Final\Debug\cl.command.1.tlog
D:\Course\gs\2014Final\2014Final\2014Final\Debug\CL.read.1.tlog
D:\Course\gs\2014Final\2014Final\2014Final\Debug\CL.write.1.tlog
D:\COURSE\GS\2014FINAL\2014FINAL\2014FINAL\DEBUG\FINAL_PROTOTYPE.OBJ
D:\Course\gs\2014Final\2014Final\2014Final\Debug\link.10940.read.1.tlog
D:\Course\gs\2014Final\2014Final\2014Final\Debug\link.10940.write.1.tlog
D:\Course\gs\2014Final\2014Final\2014Final\Debug\link.10940-cvtres.read.1.tlog
D:\Course\gs\2014Final\2014Final\2014Final\Debug\link.10940-cvtres.write.1.tlog
D:\Course\gs\2014Final\2014Final\2014Final\Debug\link.4832.read.1.tlog
D:\Course\gs\2014Final\2014Final\2014Final\Debug\link.4832.write.1.tlog
D:\Course\gs\2014Final\2014Final\2014Final\Debug\link.4832-cvtres.read.1.tlog
D:\Course\gs\2014Final\2014Final\2014Final\Debug\link.4832-cvtres.write.1.tlog
D:\Course\gs\2014Final\2014Final\2014Final\Debug\link.command.1.tlog
D:\Course\gs\2014Final\2014Final\2014Final\Debug\link.read.1.tlog
D:\Course\gs\2014Final\2014Final\2014Final\Debug\link.write.1.tlog
D:\Course\gs\2014Final\2014Final\2014Final\Debug\mt.command.1.tlog
D:\Course\gs\2014Final\2014Final\2014Final\Debug\mt.read.1.tlog
D:\Course\gs\2014Final\2014Final\2014Final\Debug\mt.write.1.tlog
D:\Course\gs\2014Final\2014Final\2014Final\Debug\rc.command.1.tlog
D:\Course\gs\2014Final\2014Final\2014Final\Debug\rc.read.1.tlog
D:\Course\gs\2014Final\2014Final\2014Final\Debug\rc.write.1.tlog
D:\COURSE\GS\2014FINAL\2014FINAL\2014FINAL\DEBUG\STDAFX.OBJ
D:\Course\gs\2014Final\2014Final\2014Final\Debug\vc100.idb
D:\COURSE\GS\2014FINAL\2014FINAL\2014FINAL\DEBUG\VC100.PDB
D:\COURSE\GS\2014FINAL\2014FINAL\DEBUG\2014FINAL.EXE
D:\COURSE\GS\2014FINAL\2014FINAL\DEBUG\2014FINAL.ILK
D:\COURSE\GS\2014FINAL\2014FINAL\DEBUG\2014FINAL.PDB
